[2013-04-08 17:25:48] request.ERROR: Uncaught PHP Exception Symfony\Component\HttpKernel\Exception\NotFoundHttpException: "No route found for "GET /"" at C:\xampp\htdocs\symfony2\vendor\symfony\symfony\src\Symfony\Component\HttpKernel\EventListener\RouterListener.php line 94 [] []
[2013-04-08 17:40:40] request.ERROR: Uncaught PHP Exception Symfony\Component\HttpKernel\Exception\NotFoundHttpException: "No route found for "GET /bundles/framework/images/input_bg.gif"" at C:\xampp\htdocs\symfony2\vendor\symfony\symfony\src\Symfony\Component\HttpKernel\EventListener\RouterListener.php line 94 [] []
[2013-04-08 17:43:17] request.ERROR: Uncaught PHP Exception Symfony\Component\HttpKernel\Exception\NotFoundHttpException: "No route found for "GET /bundles/framework/images/input_bg.gif"" at C:\xampp\htdocs\symfony2\app\cache\prod\classes.php line 3597 [] []
[2013-04-09 13:20:11] request.ERROR: Uncaught PHP Exception Symfony\Component\HttpKernel\Exception\NotFoundHttpException: "No route found for "GET /css/screen.css"" at C:\xampp\htdocs\symfony2\app\cache\prod\classes.php line 3597 [] []
[2013-04-09 13:21:32] request.ERROR: Uncaught PHP Exception Symfony\Component\HttpKernel\Exception\NotFoundHttpException: "No route found for "GET /css/screen.css"" at C:\xampp\htdocs\symfony2\app\cache\prod\classes.php line 3597 [] []
[2013-04-09 13:21:48] request.ERROR: Uncaught PHP Exception Symfony\Component\HttpKernel\Exception\NotFoundHttpException: "No route found for "GET /css/screen.css"" at C:\xampp\htdocs\symfony2\app\cache\prod\classes.php line 3597 [] []
[2013-04-09 13:29:02] request.ERROR: Uncaught PHP Exception Symfony\Component\HttpKernel\Exception\NotFoundHttpException: "No route found for "GET /css/screen.css"" at C:\xampp\htdocs\symfony2\app\cache\prod\classes.php line 3597 [] []
[2013-04-09 13:30:05] request.ERROR: Uncaught PHP Exception Symfony\Component\HttpKernel\Exception\NotFoundHttpException: "No route found for "GET /css/screen.css"" at C:\xampp\htdocs\symfony2\app\cache\prod\classes.php line 3597 [] []
[2013-04-09 13:33:21] request.ERROR: Uncaught PHP Exception Symfony\Component\HttpKernel\Exception\NotFoundHttpException: "No route found for "GET /css/screen.css"" at C:\xampp\htdocs\symfony2\app\cache\prod\classes.php line 3597 [] []
[2013-04-09 13:35:27] request.ERROR: Uncaught PHP Exception Symfony\Component\HttpKernel\Exception\NotFoundHttpException: "No route found for "GET /Resources/public/css/screen.css"" at C:\xampp\htdocs\symfony2\app\cache\prod\classes.php line 3597 [] []
[2013-04-09 13:36:56] request.ERROR: Uncaught PHP Exception Symfony\Component\HttpKernel\Exception\NotFoundHttpException: "No route found for "GET /css/screen.css"" at C:\xampp\htdocs\symfony2\app\cache\prod\classes.php line 3597 [] []
[2013-04-09 13:38:57] request.ERROR: Uncaught PHP Exception Symfony\Component\HttpKernel\Exception\NotFoundHttpException: "No route found for "GET /css/screen.css"" at C:\xampp\htdocs\symfony2\app\cache\prod\classes.php line 3597 [] []
[2013-04-09 13:39:37] request.ERROR: Uncaught PHP Exception Symfony\Component\HttpKernel\Exception\NotFoundHttpException: "No route found for "GET /src/Prueba/public/css/screen.css"" at C:\xampp\htdocs\symfony2\app\cache\prod\classes.php line 3597 [] []
[2013-04-09 13:39:53] request.ERROR: Uncaught PHP Exception Symfony\Component\HttpKernel\Exception\NotFoundHttpException: "No route found for "GET /"" at C:\xampp\htdocs\symfony2\app\cache\prod\classes.php line 3597 [] []
[2013-04-09 13:40:04] request.ERROR: Uncaught PHP Exception Symfony\Component\HttpKernel\Exception\NotFoundHttpException: "No route found for "GET /"" at C:\xampp\htdocs\symfony2\app\cache\prod\classes.php line 3597 [] []
[2013-04-09 13:41:47] request.ERROR: Uncaught PHP Exception Symfony\Component\HttpKernel\Exception\NotFoundHttpException: "No route found for "GET /css/screen.css"" at C:\xampp\htdocs\symfony2\app\cache\prod\classes.php line 3597 [] []
[2013-04-09 14:21:31] request.ERROR: Uncaught PHP Exception Symfony\Component\HttpKernel\Exception\NotFoundHttpException: "No route found for "GET //weather/pene"" at C:\xampp\htdocs\symfony2\app\cache\prod\classes.php line 3597 [] []
[2013-04-09 14:21:37] request.ERROR: Uncaught PHP Exception Symfony\Component\HttpKernel\Exception\NotFoundHttpException: "No route found for "GET /weather/pene"" at C:\xampp\htdocs\symfony2\app\cache\prod\classes.php line 3597 [] []
[2013-04-09 14:34:53] request.ERROR: Uncaught PHP Exception Symfony\Component\HttpKernel\Exception\NotFoundHttpException: "No route found for "GET /bundles/framework/css/body.css"" at C:\xampp\htdocs\symfony2\app\cache\prod\classes.php line 3597 [] []
[2013-04-09 14:34:53] request.ERROR: Uncaught PHP Exception Symfony\Component\HttpKernel\Exception\NotFoundHttpException: "No route found for "GET /bundles/framework/css/structure.css"" at C:\xampp\htdocs\symfony2\app\cache\prod\classes.php line 3597 [] []
[2013-04-09 14:34:53] request.ERROR: Uncaught PHP Exception Symfony\Component\HttpKernel\Exception\NotFoundHttpException: "No route found for "GET /bundles/framework/css/exception.css"" at C:\xampp\htdocs\symfony2\app\cache\prod\classes.php line 3597 [] []
[2013-04-09 14:35:57] request.ERROR: Uncaught PHP Exception Symfony\Component\HttpKernel\Exception\NotFoundHttpException: "No route found for "GET /"" at C:\xampp\htdocs\symfony2\app\cache\prod\classes.php line 3597 [] []
[2013-04-09 14:36:15] request.ERROR: Uncaught PHP Exception Symfony\Component\HttpKernel\Exception\NotFoundHttpException: "No route found for "GET /weather"" at C:\xampp\htdocs\symfony2\app\cache\prod\classes.php line 3597 [] []
[2013-04-09 14:36:32] request.ERROR: Uncaught PHP Exception Symfony\Component\HttpKernel\Exception\NotFoundHttpException: "No route found for "GET /bundles/framework/css/body.css"" at C:\xampp\htdocs\symfony2\app\cache\prod\classes.php line 3597 [] []
[2013-04-09 14:36:32] request.ERROR: Uncaught PHP Exception Symfony\Component\HttpKernel\Exception\NotFoundHttpException: "No route found for "GET /bundles/framework/css/structure.css"" at C:\xampp\htdocs\symfony2\app\cache\prod\classes.php line 3597 [] []
[2013-04-09 14:36:32] request.ERROR: Uncaught PHP Exception Symfony\Component\HttpKernel\Exception\NotFoundHttpException: "No route found for "GET /bundles/framework/css/exception.css"" at C:\xampp\htdocs\symfony2\app\cache\prod\classes.php line 3597 [] []
[2013-04-09 14:41:59] request.ERROR: Uncaught PHP Exception Symfony\Component\HttpKernel\Exception\NotFoundHttpException: "No route found for "GET /bundles/framework/css/body.css"" at C:\xampp\htdocs\symfony2\app\cache\prod\classes.php line 3597 [] []
[2013-04-09 14:41:59] request.ERROR: Uncaught PHP Exception Symfony\Component\HttpKernel\Exception\NotFoundHttpException: "No route found for "GET /bundles/framework/css/exception.css"" at C:\xampp\htdocs\symfony2\app\cache\prod\classes.php line 3597 [] []
[2013-04-09 14:41:59] request.ERROR: Uncaught PHP Exception Symfony\Component\HttpKernel\Exception\NotFoundHttpException: "No route found for "GET /bundles/framework/css/structure.css"" at C:\xampp\htdocs\symfony2\app\cache\prod\classes.php line 3597 [] []
[2013-04-09 15:00:27] request.ERROR: Uncaught PHP Exception Symfony\Component\HttpKernel\Exception\NotFoundHttpException: "No route found for "GET /bundles/framework/css/body.css"" at C:\xampp\htdocs\symfony2\app\cache\prod\classes.php line 3597 [] []
[2013-04-09 15:00:27] request.ERROR: Uncaught PHP Exception Symfony\Component\HttpKernel\Exception\NotFoundHttpException: "No route found for "GET /bundles/framework/css/structure.css"" at C:\xampp\htdocs\symfony2\app\cache\prod\classes.php line 3597 [] []
[2013-04-09 15:00:27] request.ERROR: Uncaught PHP Exception Symfony\Component\HttpKernel\Exception\NotFoundHttpException: "No route found for "GET /bundles/framework/css/exception.css"" at C:\xampp\htdocs\symfony2\app\cache\prod\classes.php line 3597 [] []
[2013-04-09 15:05:04] request.ERROR: Uncaught PHP Exception Symfony\Component\HttpKernel\Exception\NotFoundHttpException: "No route found for "GET /css/screen.css"" at C:\xampp\htdocs\symfony2\app\cache\prod\classes.php line 3597 [] []
[2013-04-09 15:08:32] request.ERROR: Uncaught PHP Exception Symfony\Component\HttpKernel\Exception\NotFoundHttpException: "No route found for "GET /css/screen.css"" at C:\xampp\htdocs\symfony2\app\cache\prod\classes.php line 3597 [] []
[2013-04-09 15:08:35] request.ERROR: Uncaught PHP Exception Symfony\Component\HttpKernel\Exception\NotFoundHttpException: "No route found for "GET /css/screen.css"" at C:\xampp\htdocs\symfony2\app\cache\prod\classes.php line 3597 [] []
[2013-04-09 15:13:00] request.ERROR: Uncaught PHP Exception Symfony\Component\HttpKernel\Exception\NotFoundHttpException: "No route found for "GET /css/screen.css"" at C:\xampp\htdocs\symfony2\app\cache\prod\classes.php line 3597 [] []
[2013-04-09 15:14:16] request.ERROR: Uncaught PHP Exception Symfony\Component\HttpKernel\Exception\NotFoundHttpException: "No route found for "GET /css/screen.css"" at C:\xampp\htdocs\symfony2\app\cache\prod\classes.php line 3597 [] []
[2013-04-09 16:07:12] request.ERROR: Uncaught PHP Exception Symfony\Component\HttpKernel\Exception\NotFoundHttpException: "No route found for "GET /bundles/framework/css/structure.css"" at C:\xampp\htdocs\symfony2\app\cache\prod\classes.php line 3597 [] []
[2013-04-09 16:07:12] request.ERROR: Uncaught PHP Exception Symfony\Component\HttpKernel\Exception\NotFoundHttpException: "No route found for "GET /bundles/framework/css/body.css"" at C:\xampp\htdocs\symfony2\app\cache\prod\classes.php line 3597 [] []
[2013-04-09 16:07:12] request.ERROR: Uncaught PHP Exception Symfony\Component\HttpKernel\Exception\NotFoundHttpException: "No route found for "GET /bundles/framework/css/exception.css"" at C:\xampp\htdocs\symfony2\app\cache\prod\classes.php line 3597 [] []
[2013-04-09 16:07:16] request.ERROR: Uncaught PHP Exception Symfony\Component\HttpKernel\Exception\NotFoundHttpException: "No route found for "GET /bundles/framework/css/structure.css"" at C:\xampp\htdocs\symfony2\app\cache\prod\classes.php line 3597 [] []
[2013-04-09 16:07:16] request.ERROR: Uncaught PHP Exception Symfony\Component\HttpKernel\Exception\NotFoundHttpException: "No route found for "GET /bundles/framework/css/body.css"" at C:\xampp\htdocs\symfony2\app\cache\prod\classes.php line 3597 [] []
[2013-04-09 16:07:16] request.ERROR: Uncaught PHP Exception Symfony\Component\HttpKernel\Exception\NotFoundHttpException: "No route found for "GET /bundles/framework/css/exception.css"" at C:\xampp\htdocs\symfony2\app\cache\prod\classes.php line 3597 [] []
[2013-04-09 16:10:46] request.ERROR: Uncaught PHP Exception Symfony\Component\HttpKernel\Exception\NotFoundHttpException: "No route found for "GET /bundles/framework/css/structure.css"" at C:\xampp\htdocs\symfony2\app\cache\prod\classes.php line 3597 [] []
[2013-04-09 16:10:46] request.ERROR: Uncaught PHP Exception Symfony\Component\HttpKernel\Exception\NotFoundHttpException: "No route found for "GET /bundles/framework/css/body.css"" at C:\xampp\htdocs\symfony2\app\cache\prod\classes.php line 3597 [] []
[2013-04-09 16:10:47] request.ERROR: Uncaught PHP Exception Symfony\Component\HttpKernel\Exception\NotFoundHttpException: "No route found for "GET /bundles/framework/css/exception.css"" at C:\xampp\htdocs\symfony2\app\cache\prod\classes.php line 3597 [] []
[2013-04-09 16:13:08] request.ERROR: Uncaught PHP Exception Symfony\Component\HttpKernel\Exception\NotFoundHttpException: "No route found for "GET /bundles/framework/css/structure.css"" at C:\xampp\htdocs\symfony2\app\cache\prod\classes.php line 3597 [] []
[2013-04-09 16:13:08] request.ERROR: Uncaught PHP Exception Symfony\Component\HttpKernel\Exception\NotFoundHttpException: "No route found for "GET /bundles/framework/css/body.css"" at C:\xampp\htdocs\symfony2\app\cache\prod\classes.php line 3597 [] []
[2013-04-09 16:13:08] request.ERROR: Uncaught PHP Exception Symfony\Component\HttpKernel\Exception\NotFoundHttpException: "No route found for "GET /bundles/framework/css/exception.css"" at C:\xampp\htdocs\symfony2\app\cache\prod\classes.php line 3597 [] []
[2013-04-09 16:15:45] request.ERROR: Uncaught PHP Exception Symfony\Component\HttpKernel\Exception\NotFoundHttpException: "No route found for "GET /bundles/framework/css/body.css"" at C:\xampp\htdocs\symfony2\app\cache\prod\classes.php line 3597 [] []
[2013-04-09 16:15:45] request.ERROR: Uncaught PHP Exception Symfony\Component\HttpKernel\Exception\NotFoundHttpException: "No route found for "GET /bundles/framework/css/exception.css"" at C:\xampp\htdocs\symfony2\app\cache\prod\classes.php line 3597 [] []
[2013-04-09 16:15:45] request.ERROR: Uncaught PHP Exception Symfony\Component\HttpKernel\Exception\NotFoundHttpException: "No route found for "GET /bundles/framework/css/structure.css"" at C:\xampp\htdocs\symfony2\app\cache\prod\classes.php line 3597 [] []
[2013-04-09 17:48:29] request.ERROR: Uncaught PHP Exception Symfony\Component\HttpKernel\Exception\NotFoundHttpException: "No route found for "GET /bundles/framework/css/exception.css"" at C:\xampp\htdocs\symfony2\app\cache\prod\classes.php line 3597 [] []
[2013-04-09 17:48:29] request.ERROR: Uncaught PHP Exception Symfony\Component\HttpKernel\Exception\NotFoundHttpException: "No route found for "GET /bundles/framework/css/structure.css"" at C:\xampp\htdocs\symfony2\app\cache\prod\classes.php line 3597 [] []
[2013-04-09 17:48:29] request.ERROR: Uncaught PHP Exception Symfony\Component\HttpKernel\Exception\NotFoundHttpException: "No route found for "GET /bundles/framework/css/body.css"" at C:\xampp\htdocs\symfony2\app\cache\prod\classes.php line 3597 [] []
[2013-04-10 12:30:46] request.ERROR: Uncaught PHP Exception Symfony\Component\HttpKernel\Exception\NotFoundHttpException: "No route found for "GET /bundles/framework/css/body.css"" at C:\xampp\htdocs\symfony2\app\cache\prod\classes.php line 3597 [] []
[2013-04-10 12:30:46] request.ERROR: Uncaught PHP Exception Symfony\Component\HttpKernel\Exception\NotFoundHttpException: "No route found for "GET /bundles/framework/css/structure.css"" at C:\xampp\htdocs\symfony2\app\cache\prod\classes.php line 3597 [] []
[2013-04-10 12:31:02] request.ERROR: Uncaught PHP Exception Symfony\Component\HttpKernel\Exception\NotFoundHttpException: "No route found for "GET /bundles/framework/css/body.css"" at C:\xampp\htdocs\symfony2\app\cache\prod\classes.php line 3597 [] []
[2013-04-10 12:31:02] request.ERROR: Uncaught PHP Exception Symfony\Component\HttpKernel\Exception\NotFoundHttpException: "No route found for "GET /bundles/framework/css/structure.css"" at C:\xampp\htdocs\symfony2\app\cache\prod\classes.php line 3597 [] []
[2013-04-10 12:31:02] request.ERROR: Uncaught PHP Exception Symfony\Component\HttpKernel\Exception\NotFoundHttpException: "No route found for "GET /bundles/framework/css/exception.css"" at C:\xampp\htdocs\symfony2\app\cache\prod\classes.php line 3597 [] []
[2013-04-10 12:35:49] request.ERROR: Uncaught PHP Exception Symfony\Component\HttpKernel\Exception\NotFoundHttpException: "No route found for "GET /bundles/framework/css/structure.css"" at C:\xampp\htdocs\symfony2\app\cache\prod\classes.php line 3597 [] []
[2013-04-10 12:35:49] request.ERROR: Uncaught PHP Exception Symfony\Component\HttpKernel\Exception\NotFoundHttpException: "No route found for "GET /bundles/framework/css/body.css"" at C:\xampp\htdocs\symfony2\app\cache\prod\classes.php line 3597 [] []
[2013-04-10 12:35:49] request.ERROR: Uncaught PHP Exception Symfony\Component\HttpKernel\Exception\NotFoundHttpException: "No route found for "GET /bundles/framework/css/exception.css"" at C:\xampp\htdocs\symfony2\app\cache\prod\classes.php line 3597 [] []
[2013-04-10 12:36:30] request.ERROR: Uncaught PHP Exception Symfony\Component\HttpKernel\Exception\NotFoundHttpException: "No route found for "GET /bundles/framework/css/body.css"" at C:\xampp\htdocs\symfony2\app\cache\prod\classes.php line 3597 [] []
[2013-04-10 12:36:30] request.ERROR: Uncaught PHP Exception Symfony\Component\HttpKernel\Exception\NotFoundHttpException: "No route found for "GET /bundles/framework/css/structure.css"" at C:\xampp\htdocs\symfony2\app\cache\prod\classes.php line 3597 [] []
[2013-04-10 12:36:30] request.ERROR: Uncaught PHP Exception Symfony\Component\HttpKernel\Exception\NotFoundHttpException: "No route found for "GET /bundles/framework/css/exception.css"" at C:\xampp\htdocs\symfony2\app\cache\prod\classes.php line 3597 [] []
[2013-04-10 12:38:56] request.ERROR: Uncaught PHP Exception Symfony\Component\HttpKernel\Exception\NotFoundHttpException: "No route found for "GET /bundles/framework/css/structure.css"" at C:\xampp\htdocs\symfony2\app\cache\prod\classes.php line 3597 [] []
[2013-04-10 12:38:56] request.ERROR: Uncaught PHP Exception Symfony\Component\HttpKernel\Exception\NotFoundHttpException: "No route found for "GET /bundles/framework/css/body.css"" at C:\xampp\htdocs\symfony2\app\cache\prod\classes.php line 3597 [] []
[2013-04-10 12:38:56] request.ERROR: Uncaught PHP Exception Symfony\Component\HttpKernel\Exception\NotFoundHttpException: "No route found for "GET /bundles/framework/css/exception.css"" at C:\xampp\htdocs\symfony2\app\cache\prod\classes.php line 3597 [] []
[2013-04-10 12:46:08] request.ERROR: Uncaught PHP Exception Symfony\Component\HttpKernel\Exception\NotFoundHttpException: "No route found for "GET /bundles/framework/css/structure.css"" at C:\xampp\htdocs\symfony2\app\cache\prod\classes.php line 3597 [] []
[2013-04-10 12:46:08] request.ERROR: Uncaught PHP Exception Symfony\Component\HttpKernel\Exception\NotFoundHttpException: "No route found for "GET /bundles/framework/css/exception.css"" at C:\xampp\htdocs\symfony2\app\cache\prod\classes.php line 3597 [] []
[2013-04-10 12:46:08] request.ERROR: Uncaught PHP Exception Symfony\Component\HttpKernel\Exception\NotFoundHttpException: "No route found for "GET /bundles/framework/css/body.css"" at C:\xampp\htdocs\symfony2\app\cache\prod\classes.php line 3597 [] []
[2013-04-10 12:47:23] request.ERROR: Uncaught PHP Exception Symfony\Component\HttpKernel\Exception\NotFoundHttpException: "No route found for "GET /bundles/framework/css/body.css"" at C:\xampp\htdocs\symfony2\app\cache\prod\classes.php line 3597 [] []
[2013-04-10 12:47:23] request.ERROR: Uncaught PHP Exception Symfony\Component\HttpKernel\Exception\NotFoundHttpException: "No route found for "GET /bundles/framework/css/exception.css"" at C:\xampp\htdocs\symfony2\app\cache\prod\classes.php line 3597 [] []
[2013-04-10 12:47:23] request.ERROR: Uncaught PHP Exception Symfony\Component\HttpKernel\Exception\NotFoundHttpException: "No route found for "GET /bundles/framework/css/structure.css"" at C:\xampp\htdocs\symfony2\app\cache\prod\classes.php line 3597 [] []
[2013-04-10 13:32:35] request.ERROR: Uncaught PHP Exception Symfony\Component\HttpKernel\Exception\NotFoundHttpException: "No route found for "GET /bundles/framework/css/structure.css"" at C:\xampp\htdocs\symfony2\app\cache\prod\classes.php line 3597 [] []
[2013-04-10 13:32:35] request.ERROR: Uncaught PHP Exception Symfony\Component\HttpKernel\Exception\NotFoundHttpException: "No route found for "GET /bundles/framework/css/body.css"" at C:\xampp\htdocs\symfony2\app\cache\prod\classes.php line 3597 [] []
[2013-04-10 13:32:35] request.ERROR: Uncaught PHP Exception Symfony\Component\HttpKernel\Exception\NotFoundHttpException: "No route found for "GET /bundles/framework/css/exception.css"" at C:\xampp\htdocs\symfony2\app\cache\prod\classes.php line 3597 [] []
[2013-04-10 13:38:48] request.ERROR: Uncaught PHP Exception Symfony\Component\HttpKernel\Exception\NotFoundHttpException: "No route found for "GET /bundles/framework/css/exception.css"" at C:\xampp\htdocs\symfony2\app\cache\prod\classes.php line 3597 [] []
[2013-04-10 13:38:48] request.ERROR: Uncaught PHP Exception Symfony\Component\HttpKernel\Exception\NotFoundHttpException: "No route found for "GET /bundles/framework/css/body.css"" at C:\xampp\htdocs\symfony2\app\cache\prod\classes.php line 3597 [] []
[2013-04-10 13:38:49] request.ERROR: Uncaught PHP Exception Symfony\Component\HttpKernel\Exception\NotFoundHttpException: "No route found for "GET /bundles/framework/css/structure.css"" at C:\xampp\htdocs\symfony2\app\cache\prod\classes.php line 3597 [] []
[2013-04-10 15:33:58] request.ERROR: Uncaught PHP Exception Symfony\Component\HttpKernel\Exception\NotFoundHttpException: "No route found for "GET /bundles/framework/css/structure.css"" at C:\xampp\htdocs\symfony2\app\cache\prod\classes.php line 3597 [] []
[2013-04-10 15:33:58] request.ERROR: Uncaught PHP Exception Symfony\Component\HttpKernel\Exception\NotFoundHttpException: "No route found for "GET /bundles/framework/css/exception.css"" at C:\xampp\htdocs\symfony2\app\cache\prod\classes.php line 3597 [] []
[2013-04-10 15:33:58] request.ERROR: Uncaught PHP Exception Symfony\Component\HttpKernel\Exception\NotFoundHttpException: "No route found for "GET /bundles/framework/css/body.css"" at C:\xampp\htdocs\symfony2\app\cache\prod\classes.php line 3597 [] []
[2013-04-10 15:34:55] request.ERROR: Uncaught PHP Exception Symfony\Component\HttpKernel\Exception\NotFoundHttpException: "No route found for "GET /bundles/framework/css/exception.css"" at C:\xampp\htdocs\symfony2\app\cache\prod\classes.php line 3597 [] []
[2013-04-10 15:34:56] request.ERROR: Uncaught PHP Exception Symfony\Component\HttpKernel\Exception\NotFoundHttpException: "No route found for "GET /bundles/framework/css/body.css"" at C:\xampp\htdocs\symfony2\app\cache\prod\classes.php line 3597 [] []
[2013-04-10 15:34:56] request.ERROR: Uncaught PHP Exception Symfony\Component\HttpKernel\Exception\NotFoundHttpException: "No route found for "GET /bundles/framework/css/structure.css"" at C:\xampp\htdocs\symfony2\app\cache\prod\classes.php line 3597 [] []
[2013-04-10 15:37:35] request.ERROR: Uncaught PHP Exception Symfony\Component\HttpKernel\Exception\NotFoundHttpException: "No route found for "GET /bundles/framework/css/body.css"" at C:\xampp\htdocs\symfony2\app\cache\prod\classes.php line 3597 [] []
[2013-04-10 15:37:35] request.ERROR: Uncaught PHP Exception Symfony\Component\HttpKernel\Exception\NotFoundHttpException: "No route found for "GET /bundles/framework/css/structure.css"" at C:\xampp\htdocs\symfony2\app\cache\prod\classes.php line 3597 [] []
[2013-04-10 15:37:35] request.ERROR: Uncaught PHP Exception Symfony\Component\HttpKernel\Exception\NotFoundHttpException: "No route found for "GET /bundles/framework/css/exception.css"" at C:\xampp\htdocs\symfony2\app\cache\prod\classes.php line 3597 [] []
[2013-04-10 15:38:21] request.ERROR: Uncaught PHP Exception Symfony\Component\HttpKernel\Exception\NotFoundHttpException: "No route found for "GET /bundles/framework/css/body.css"" at C:\xampp\htdocs\symfony2\app\cache\prod\classes.php line 3597 [] []
[2013-04-10 15:38:21] request.ERROR: Uncaught PHP Exception Symfony\Component\HttpKernel\Exception\NotFoundHttpException: "No route found for "GET /bundles/framework/css/exception.css"" at C:\xampp\htdocs\symfony2\app\cache\prod\classes.php line 3597 [] []
[2013-04-10 15:38:21] request.ERROR: Uncaught PHP Exception Symfony\Component\HttpKernel\Exception\NotFoundHttpException: "No route found for "GET /bundles/framework/css/structure.css"" at C:\xampp\htdocs\symfony2\app\cache\prod\classes.php line 3597 [] []
[2013-04-10 15:39:45] request.ERROR: Uncaught PHP Exception Symfony\Component\HttpKernel\Exception\NotFoundHttpException: "No route found for "GET /bundles/framework/css/structure.css"" at C:\xampp\htdocs\symfony2\app\cache\prod\classes.php line 3597 [] []
[2013-04-10 15:39:45] request.ERROR: Uncaught PHP Exception Symfony\Component\HttpKernel\Exception\NotFoundHttpException: "No route found for "GET /bundles/framework/css/exception.css"" at C:\xampp\htdocs\symfony2\app\cache\prod\classes.php line 3597 [] []
[2013-04-10 15:39:45] request.ERROR: Uncaught PHP Exception Symfony\Component\HttpKernel\Exception\NotFoundHttpException: "No route found for "GET /bundles/framework/css/body.css"" at C:\xampp\htdocs\symfony2\app\cache\prod\classes.php line 3597 [] []
[2013-04-10 17:03:17] request.ERROR: Uncaught PHP Exception Symfony\Component\HttpKernel\Exception\NotFoundHttpException: "No route found for "GET /bundles/framework/css/structure.css"" at C:\xampp\htdocs\symfony2\app\cache\prod\classes.php line 3597 [] []
[2013-04-10 17:03:17] request.ERROR: Uncaught PHP Exception Symfony\Component\HttpKernel\Exception\NotFoundHttpException: "No route found for "GET /bundles/framework/css/body.css"" at C:\xampp\htdocs\symfony2\app\cache\prod\classes.php line 3597 [] []
[2013-04-10 17:03:17] request.ERROR: Uncaught PHP Exception Symfony\Component\HttpKernel\Exception\NotFoundHttpException: "No route found for "GET /bundles/framework/css/exception.css"" at C:\xampp\htdocs\symfony2\app\cache\prod\classes.php line 3597 [] []
[2013-04-10 17:18:52] request.ERROR: Uncaught PHP Exception Symfony\Component\HttpKernel\Exception\NotFoundHttpException: "No route found for "GET /bundles/framework/css/exception.css"" at C:\xampp\htdocs\symfony2\app\cache\prod\classes.php line 3597 [] []
[2013-04-10 17:18:52] request.ERROR: Uncaught PHP Exception Symfony\Component\HttpKernel\Exception\NotFoundHttpException: "No route found for "GET /bundles/framework/css/body.css"" at C:\xampp\htdocs\symfony2\app\cache\prod\classes.php line 3597 [] []
[2013-04-10 17:18:52] request.ERROR: Uncaught PHP Exception Symfony\Component\HttpKernel\Exception\NotFoundHttpException: "No route found for "GET /bundles/framework/css/structure.css"" at C:\xampp\htdocs\symfony2\app\cache\prod\classes.php line 3597 [] []
[2013-04-10 17:19:56] request.ERROR: Uncaught PHP Exception Symfony\Component\HttpKernel\Exception\NotFoundHttpException: "No route found for "GET /bundles/framework/css/structure.css"" at C:\xampp\htdocs\symfony2\app\cache\prod\classes.php line 3597 [] []
[2013-04-10 17:19:56] request.ERROR: Uncaught PHP Exception Symfony\Component\HttpKernel\Exception\NotFoundHttpException: "No route found for "GET /bundles/framework/css/body.css"" at C:\xampp\htdocs\symfony2\app\cache\prod\classes.php line 3597 [] []
[2013-04-10 17:19:56] request.ERROR: Uncaught PHP Exception Symfony\Component\HttpKernel\Exception\NotFoundHttpException: "No route found for "GET /bundles/framework/css/exception.css"" at C:\xampp\htdocs\symfony2\app\cache\prod\classes.php line 3597 [] []
[2013-04-11 16:09:10] request.ERROR: Uncaught PHP Exception Symfony\Component\HttpKernel\Exception\NotFoundHttpException: "No route found for "GET /bundles/framework/css/structure.css"" at C:\xampp\htdocs\symfony2\app\cache\prod\classes.php line 3597 [] []
[2013-04-11 16:09:10] request.ERROR: Uncaught PHP Exception Symfony\Component\HttpKernel\Exception\NotFoundHttpException: "No route found for "GET /bundles/framework/css/body.css"" at C:\xampp\htdocs\symfony2\app\cache\prod\classes.php line 3597 [] []
] []
[2013-04-12 14:24:40] request.ERROR: Uncaught PHP Exception Symfony\Component\HttpKernel\Exception\NotFoundHttpException: "No route found for "GET /images/beach.jpg"" at C:\xampp\htdocs\symfony2\app\cache\prod\classes.php line 3597 [] []
[2013-04-12 15:54:34] request.ERROR: Uncaught PHP Exception Symfony\Component\HttpKernel\Exception\NotFoundHttpException: "No route found for "GET /images/beach.jpg"" at C:\xampp\htdocs\symfony2\app\cache\prod\classes.php line 3597 [] []
[2013-04-12 15:54:41] request.ERROR: Uncaught PHP Exception Symfony\Component\HttpKernel\Exception\NotFoundHttpException: "No route found for "GET /images/pool_leak.jpg"" at C:\xampp\htdocs\symfony2\app\cache\prod\classes.php line 3597 [] []
[2013-04-12 15:54:46] request.ERROR: Uncaught PHP Exception Symfony\Component\HttpKernel\Exception\NotFoundHttpException: "No route found for "GET /images/misdirection.jpg"" at C:\xampp\htdocs\symfony2\app\cache\prod\classes.php line 3597 [] []
[2013-04-12 15:59:47] request.ERROR: Uncaught PHP Exception Symfony\Component\HttpKernel\Exception\NotFoundHttpException: "No route found for "GET /images/misdirection.jpg"" at C:\xampp\htdocs\symfony2\app\cache\prod\classes.php line 3597 [] []
[2013-04-12 15:59:49] request.ERROR: Uncaught PHP Exception Symfony\Component\HttpKernel\Exception\NotFoundHttpException: "No route found for "GET /images/misdirection.jpg"" at C:\xampp\htdocs\symfony2\app\cache\prod\classes.php line 3597 [] []
